<?xml version="1.0" encoding="UTF-8"?>
<testsuite xmlns:xsi="http://www.w3.org/2001/XMLSchema-instance" xsi:noNamespaceSchemaLocation="https://maven.apache.org/surefire/maven-surefire-plugin/xsd/surefire-test-report.xsd" name="nyuad.cs3216.CalculatorTest" time="0.067" tests="4" errors="0" skipped="0" failures="0">
  <properties>
[...]
</properties>
  <testcase name="divide_WithRemainder" classname="nyuad.cs3216.CalculatorTest" time="0.032"/>
  <testcase name="divide_WholeFraction" classname="nyuad.cs3216.CalculatorTest" time="0"/>
  <testcase name="divide_ByZero" classname="nyuad.cs3216.CalculatorTest" time="0.002"/>
  <testcase name="divide_WholeDivisible" classname="nyuad.cs3216.CalculatorTest" time="0.001"/>
</testsuite>